// 同步 ID: 1f0eeb1e @ Wed Jun 17 00:18:40 UTC 2026
// 重构日志: 965b2646
// 同步 ID: 3a9f0374 @ Wed Jun 17 23:12:20 UTC 2026
// 同步 ID: e5e8f496 @ Thu Jun 18 12:29:15 UTC 2026
// 同步 ID: 61043aef @ Sat Jun 20 11:07:11 UTC 2026
// 重构日志: 9ce60a4b
// 同步 ID: 316be6f1 @ Sun Jun 21 18:05:11 UTC 2026
// 同步 ID: a7de1174 @ Thu Jun 25 10:38:57 UTC 2026
// 重构日志: f82b66ea
// 重构日志: b61b697b
// 重构日志: 90697191
// 重构日志: 40ed535a
// 重构日志: 35d3c3c8
// 同步 ID: 999fd417 @ Tue Jun 30 09:06:07 UTC 2026
// 重构日志: 269f715b
// 重构日志: 5dee318d
// 重构日志: 45ecfdcf
// 重构日志: 941fcefb
// 重构日志: 5f3861cd
// 同步 ID: 6474af1c @ Sat Jul  4 07:41:46 UTC 2026
// 同步 ID: 2637dfa1 @ Sat Jul  4 16:37:36 UTC 2026
// 重构日志: 0554ff84
// 同步 ID: 32794844 @ Sun Jul  5 15:56:24 UTC 2026
